<?xml version="1.0" encoding="UTF-8" ?>
<testsuite tests="10" failures="0" name="TestSuite" time="125.539" errors="0" skipped="0">
  <properties>
[...]
</properties>
  <testcase classname="Test.MainTest" name="TC_BT_11" time="3.56"/>
  <testcase classname="Test.MainTest" name="TC_FAQ_1" time="7.622"/>
  <testcase classname="Test.MainTest" name="TC_FBT_1" time="6.235"/>
  <testcase classname="Test.MainTest" name="TC_FH_2" time="7.257"/>
  <testcase classname="Test.MainTest" name="TC_FH_3" time="28.593"/>
  <testcase classname="Test.MainTest" name="TC_FH_4" time="31.431"/>
  <testcase classname="Test.MainTest" name="TC_HF_5" time="13.327"/>
  <testcase classname="Test.MainTest" name="TC_HOTEL_LAN_1" time="8.89"/>
  <testcase classname="Test.MainTest" name="TC_HR_1" time="7.098"/>
  <testcase classname="Test.MainTest" name="TETSaS" time="11.526"/>
</testsuite>