<?xml version="1.0" encoding="UTF-8"?>
<!-- Generated by org.testng.reporters.JUnitXMLReporter -->
<testsuite ignored="0" hostname="pcina" failures="0" tests="10" name="Command line test" time="137.483" errors="0" timestamp="2023-01-02T18:54:59 MSK">
  <testcase classname="Test.MainTest" name="TC_BT_11" time="3.559"/>
  <testcase classname="Test.MainTest" name="TC_FAQ_1" time="7.624"/>
  <testcase classname="Test.MainTest" name="TC_FBT_1" time="6.235"/>
  <testcase classname="Test.MainTest" name="TC_FH_2" time="7.256"/>
  <testcase classname="Test.MainTest" name="TC_FH_3" time="28.594"/>
  <testcase classname="Test.MainTest" name="TC_FH_4" time="31.431"/>
  <testcase classname="Test.MainTest" name="TC_HF_5" time="13.328"/>
  <testcase classname="Test.MainTest" name="TC_HOTEL_LAN_1" time="8.889"/>
  <testcase classname="Test.MainTest" name="TC_HR_1" time="7.099"/>
  <testcase classname="Test.MainTest" name="TETSaS" time="11.527"/>
</testsuite> <!-- Command line test -->
